<?xml version="1.0" encoding="utf-8"?><testsuites name="pytest tests"><testsuite name="pytest" errors="0" failures="1" skipped="0" tests="20" time="13.558" timestamp="2026-05-14T13:14:40.801144+00:00" hostname="agent-env-17d33de0-2fdb-4d7f-b274-a5b826663476"><testcase classname="backend.tests.iter5_test.TestScheduler" name="test_status_running" time="0.514" /><testcase classname="backend.tests.iter5_test.TestScheduler" name="test_next_period" time="0.065" /><testcase classname="backend.tests.iter5_test.TestScheduler" name="test_run_monthly_invoices_idempotent" time="3.085" /><testcase classname="backend.tests.iter5_test.TestScheduler" name="test_run_monthly_invoices_default_next_period" time="0.241" /><testcase classname="backend.tests.iter5_test.TestScheduler" name="test_run_dues_reminders" time="7.139" /><testcase classname="backend.tests.iter5_test.TestScheduler" name="test_coach_forbidden_on_scheduler" time="0.715" /><testcase classname="backend.tests.iter5_test.TestScheduler" name="test_parent_forbidden_on_scheduler" time="0.620" /><testcase classname="backend.tests.iter5_test.TestCalendar" name="test_admin_calendar_events_shape" time="0.065" /><testcase classname="backend.tests.iter5_test.TestCalendar" name="test_admin_calendar_recurrence_math" time="0.131" /><testcase classname="backend.tests.iter5_test.TestCalendar" name="test_calendar_required_params_422" time="0.064" /><testcase classname="backend.tests.iter5_test.TestCalendar" name="test_calendar_invalid_date_does_not_500" time="0.067"><failure message="AssertionError: got 500: Internal Server Error&#10;assert 500 &lt; 500&#10; +  where 500 = &lt;Response [500]&gt;.status_code">backend/tests/iter5_test.py:234: in test_calendar_invalid_date_does_not_500
    assert r.status_code &lt; 500, f"got {r.status_code}: {r.text}"
E   AssertionError: got 500: Internal Server Error
E   assert 500 &lt; 500
E    +  where 500 = &lt;Response [500]&gt;.status_code</failure></testcase><testcase classname="backend.tests.iter5_test.TestCalendar" name="test_coach_calendar_role_scoped" time="0.078" /><testcase classname="backend.tests.iter5_test.TestCalendar" name="test_parent_calendar_role_scoped" time="0.075" /><testcase classname="backend.tests.iter5_test.TestRegressionSmoke" name="test_admin_me" time="0.060" /><testcase classname="backend.tests.iter5_test.TestRegressionSmoke" name="test_coach_me" time="0.065" /><testcase classname="backend.tests.iter5_test.TestRegressionSmoke" name="test_parent_me" time="0.068" /><testcase classname="backend.tests.iter5_test.TestRegressionSmoke" name="test_sessions_list" time="0.063" /><testcase classname="backend.tests.iter5_test.TestRegressionSmoke" name="test_payments_list" time="0.202" /><testcase classname="backend.tests.iter5_test.TestRegressionSmoke" name="test_waitlist_list" time="0.059" /><testcase classname="backend.tests.iter5_test.TestRegressionSmoke" name="test_billing_config" time="0.061" /></testsuite></testsuites>