<?xml version="1.0" encoding="utf-8"?><testsuites name="pytest tests"><testsuite name="pytest" errors="0" failures="0" skipped="2" tests="31" time="4.859" timestamp="2026-05-14T12:58:55.252121+00:00" hostname="agent-env-17d33de0-2fdb-4d7f-b274-a5b826663476"><testcase classname="backend.tests.iter4_test.TestAuth" name="test_admin_login_and_me" time="0.425" /><testcase classname="backend.tests.iter4_test.TestAuth" name="test_coach_login" time="0.397" /><testcase classname="backend.tests.iter4_test.TestAuth" name="test_parent_login" time="0.395" /><testcase classname="backend.tests.iter4_test.TestAuth" name="test_refresh" time="0.051" /><testcase classname="backend.tests.iter4_test.TestAuth" name="test_invalid_login_returns_401" time="0.330" /><testcase classname="backend.tests.iter4_test.TestAuth" name="test_brute_force_lockout_present" time="0.762" /><testcase classname="backend.tests.iter4_test.TestAuth" name="test_public_register_endpoint_exists" time="0.200" /><testcase classname="backend.tests.iter4_test.TestSessions" name="test_admin_list_sessions" time="0.052" /><testcase classname="backend.tests.iter4_test.TestSessions" name="test_session_crud_lifecycle" time="0.268" /><testcase classname="backend.tests.iter4_test.TestPayments" name="test_list_payments_admin" time="0.144" /><testcase classname="backend.tests.iter4_test.TestPayments" name="test_generate_monthly_idempotent" time="0.139" /><testcase classname="backend.tests.iter4_test.TestBilling" name="test_billing_config" time="0.051" /><testcase classname="backend.tests.iter4_test.TestBilling" name="test_checkout_session_creation" time="0.053"><skipped type="pytest.skip" message="no pending payment to test stripe checkout against">/app/backend/tests/iter4_test.py:171: no pending payment to test stripe checkout against</skipped></testcase><testcase classname="backend.tests.iter4_test.TestBilling" name="test_checkout_status_unknown_session" time="0.052" /><testcase classname="backend.tests.iter4_test.TestPayslip" name="test_payslip_expected_basis" time="0.113" /><testcase classname="backend.tests.iter4_test.TestPayslip" name="test_payslip_collected_basis" time="0.108" /><testcase classname="backend.tests.iter4_test.TestExpenses" name="test_expense_lifecycle" time="0.185" /><testcase classname="backend.tests.iter4_test.TestWaitlist" name="test_admin_list_waitlist" time="0.049" /><testcase classname="backend.tests.iter4_test.TestWaitlist" name="test_parent_only_sees_own_waitlist" time="0.053" /><testcase classname="backend.tests.iter4_test.TestWaitlist" name="test_waitlist_create_and_promote" time="0.211" /><testcase classname="backend.tests.iter4_test.TestAutopay" name="test_subscription_checkout_validation" time="0.049" /><testcase classname="backend.tests.iter4_test.TestAutopay" name="test_subscription_checkout_real_enrollment" time="0.053"><skipped type="pytest.skip" message="no eligible enrollment for autopay test">/app/backend/tests/iter4_test.py:288: no eligible enrollment for autopay test</skipped></testcase><testcase classname="backend.tests.iter4_test.TestAutopay" name="test_customer_portal_without_customer" time="0.053" /><testcase classname="backend.tests.iter4_test.TestSettings" name="test_get_settings" time="0.047" /><testcase classname="backend.tests.iter4_test.TestSettings" name="test_settings_persist" time="0.189" /><testcase classname="backend.tests.iter4_test.TestDashboards" name="test_admin_dashboard" time="0.064" /><testcase classname="backend.tests.iter4_test.TestDashboards" name="test_coach_dashboard" time="0.054" /><testcase classname="backend.tests.iter4_test.TestDashboards" name="test_parent_dashboard" time="0.051" /><testcase classname="backend.tests.iter4_test.TestMessaging" name="test_contacts_admin" time="0.052" /><testcase classname="backend.tests.iter4_test.TestMessaging" name="test_contacts_parent" time="0.052" /><testcase classname="backend.tests.iter4_test.TestAttendance" name="test_list_attendance_admin" time="0.050" /></testsuite></testsuites>