<?xml version="1.0" encoding="utf-8"?><testsuites name="pytest tests"><testsuite name="pytest" errors="0" failures="0" skipped="0" tests="18" time="4.275" timestamp="2026-05-13T15:31:14.274807+00:00" hostname="agent-env-6e9f5c4d-ca1d-4551-837d-e67871d3dffb"><testcase classname="backend.tests.iter2_test.TestSetup" name="test_admin_login" time="0.477" /><testcase classname="backend.tests.iter2_test.TestSetup" name="test_real_coach_login" time="0.433" /><testcase classname="backend.tests.iter2_test.TestDashboardKPIs" name="test_admin_dashboard_new_fields" time="0.067" /><testcase classname="backend.tests.iter2_test.TestDuesFollowup" name="test_dues_followup_shape" time="0.099" /><testcase classname="backend.tests.iter2_test.TestDuesFollowup" name="test_dues_requires_admin" time="0.472" /><testcase classname="backend.tests.iter2_test.TestCoachPayslip" name="test_payslip_for_gowtham_or_demo" time="0.069" /><testcase classname="backend.tests.iter2_test.TestUserAdmin" name="test_create_then_patch_email" time="0.553" /><testcase classname="backend.tests.iter2_test.TestUserAdmin" name="test_patch_email_uniqueness" time="0.048" /><testcase classname="backend.tests.iter2_test.TestUserAdmin" name="test_admin_reset_password" time="0.616" /><testcase classname="backend.tests.iter2_test.TestStudentExtras" name="test_parent_creates_child_with_extras" time="0.427" /><testcase classname="backend.tests.iter2_test.TestEnrollmentApproval" name="test_parent_enroll_pending" time="0.169" /><testcase classname="backend.tests.iter2_test.TestEnrollmentApproval" name="test_pending_approval_list" time="0.050" /><testcase classname="backend.tests.iter2_test.TestEnrollmentApproval" name="test_admin_approves" time="0.117" /><testcase classname="backend.tests.iter2_test.TestGenerateMonthly" name="test_generate_returns_skip_counts" time="0.065" /><testcase classname="backend.tests.iter2_test.TestEnrollmentTransfer" name="test_transfer_override" time="0.099" /><testcase classname="backend.tests.iter2_test.TestEnrollmentTransfer" name="test_move_log_records_transfer" time="0.053" /><testcase classname="backend.tests.iter2_test.TestMakeUpAttendance" name="test_bulk_attendance_makeup" time="0.108" /><testcase classname="backend.tests.iter2_test.TestCleanup" name="test_delete_temp_student" time="0.062" /></testsuite></testsuites>