<?xml version="1.0" encoding="utf-8"?><testsuites name="pytest tests"><testsuite name="pytest" errors="0" failures="0" skipped="1" tests="15" time="12.872" timestamp="2026-05-13T17:08:29.223846+00:00" hostname="agent-env-6e9f5c4d-ca1d-4551-837d-e67871d3dffb"><testcase classname="backend.tests.iter3_test.TestSettings" name="test_get_settings_returns_defaults" time="0.499" /><testcase classname="backend.tests.iter3_test.TestSettings" name="test_patch_settings_persists" time="0.293" /><testcase classname="backend.tests.iter3_test.TestSettings" name="test_payout_basis_invalid" time="0.119" /><testcase classname="backend.tests.iter3_test.TestPayoutBasis" name="test_set_expected_and_payslip" time="0.313" /><testcase classname="backend.tests.iter3_test.TestUndoFlows" name="test_payment_undo_paid" time="0.350" /><testcase classname="backend.tests.iter3_test.TestUndoFlows" name="test_payment_undo_paid_when_not_paid" time="0.184" /><testcase classname="backend.tests.iter3_test.TestUndoFlows" name="test_payout_undo_approve_and_undo_paid" time="0.353" /><testcase classname="backend.tests.iter3_test.TestUndoFlows" name="test_payout_undo_paid_removes_expense" time="0.456" /><testcase classname="backend.tests.iter3_test.TestPublicRegister" name="test_public_sessions_no_auth" time="0.117" /><testcase classname="backend.tests.iter3_test.TestPublicRegister" name="test_register_full_creates_parent" time="0.503" /><testcase classname="backend.tests.iter3_test.TestPublicRegister" name="test_register_full_duplicate_email" time="0.227" /><testcase classname="backend.tests.iter3_test.TestPublicRegister" name="test_register_full_waiver_required" time="0.132" /><testcase classname="backend.tests.iter3_test.TestStripe" name="test_checkout_session_returns_url" time="0.945"><skipped type="pytest.xfail" message="KNOWN BUG: emergentintegrations stripe.get_checkout_status pydantic validation error on metadata field — polling endpoint returns 500" /></testcase><testcase classname="backend.tests.iter3_test.TestEmail" name="test_email_test_endpoint" time="0.247" /><testcase classname="backend.tests.iter3_test.TestEmail" name="test_send_dues_reminders_returns_count" time="8.024" /></testsuite></testsuites>