<?xml version="1.0" encoding="utf-8"?><testsuites name="pytest tests"><testsuite name="pytest" errors="0" failures="0" skipped="0" tests="55" time="6.536" timestamp="2026-05-13T14:22:28.862782+00:00" hostname="agent-env-6e9f5c4d-ca1d-4551-837d-e67871d3dffb"><testcase classname="tests.backend_test.TestAuth" name="test_admin_login_and_me" time="0.476" /><testcase classname="tests.backend_test.TestAuth" name="test_coach_login_and_me" time="0.407" /><testcase classname="tests.backend_test.TestAuth" name="test_parent_login_and_me" time="0.528" /><testcase classname="tests.backend_test.TestAuth" name="test_invalid_login" time="0.368" /><testcase classname="tests.backend_test.TestAuth" name="test_logout_clears_cookies" time="0.512" /><testcase classname="tests.backend_test.TestAuth" name="test_parent_register_new" time="0.393" /><testcase classname="tests.backend_test.TestRBAC" name="test_parent_cannot_access_expenses" time="0.069" /><testcase classname="tests.backend_test.TestRBAC" name="test_coach_cannot_access_payments" time="0.058" /><testcase classname="tests.backend_test.TestRBAC" name="test_anonymous_blocked_from_admin_dashboard" time="0.127" /><testcase classname="tests.backend_test.TestInvites" name="test_admin_creates_invite" time="0.061" /><testcase classname="tests.backend_test.TestInvites" name="test_list_invites" time="0.061" /><testcase classname="tests.backend_test.TestInvites" name="test_accept_invite" time="0.358" /><testcase classname="tests.backend_test.TestSessions" name="test_create_session" time="0.056" /><testcase classname="tests.backend_test.TestSessions" name="test_session_appears_in_list" time="0.052" /><testcase classname="tests.backend_test.TestSessions" name="test_patch_session" time="0.054" /><testcase classname="tests.backend_test.TestSessions" name="test_coach_sees_only_own_sessions" time="0.056" /><testcase classname="tests.backend_test.TestParentFlow" name="test_parent_creates_child" time="0.066" /><testcase classname="tests.backend_test.TestParentFlow" name="test_parent_lists_own_children" time="0.060" /><testcase classname="tests.backend_test.TestParentFlow" name="test_parent_enrolls_child" time="0.067" /><testcase classname="tests.backend_test.TestParentFlow" name="test_capacity_check" time="0.062" /><testcase classname="tests.backend_test.TestPayments" name="test_generate_monthly" time="0.058" /><testcase classname="tests.backend_test.TestPayments" name="test_list_pending_payments" time="0.060" /><testcase classname="tests.backend_test.TestPayments" name="test_apply_discount" time="0.061" /><testcase classname="tests.backend_test.TestPayments" name="test_mark_paid" time="0.111" /><testcase classname="tests.backend_test.TestExpenses" name="test_create_and_list" time="0.110" /><testcase classname="tests.backend_test.TestExpenses" name="test_delete_expense" time="0.056" /><testcase classname="tests.backend_test.TestPayouts" name="test_create_payout_rule" time="0.062" /><testcase classname="tests.backend_test.TestPayouts" name="test_calculate_payouts" time="0.207" /><testcase classname="tests.backend_test.TestPayouts" name="test_approve_payout" time="0.055" /><testcase classname="tests.backend_test.TestPayouts" name="test_mark_payout_paid" time="0.056" /><testcase classname="tests.backend_test.TestPayouts" name="test_cannot_approve_paid" time="0.049" /><testcase classname="tests.backend_test.TestAttendance" name="test_coach_bulk_attendance" time="0.056" /><testcase classname="tests.backend_test.TestAttendance" name="test_parent_sees_only_own_attendance" time="0.139" /><testcase classname="tests.backend_test.TestLessonPlans" name="test_coach_creates_lesson_plan" time="0.052" /><testcase classname="tests.backend_test.TestLessonPlans" name="test_coach_lists_lesson_plans" time="0.052" /><testcase classname="tests.backend_test.TestProgressNotes" name="test_coach_creates_progress_note" time="0.049" /><testcase classname="tests.backend_test.TestProgressNotes" name="test_parent_sees_own_child_notes" time="0.065" /><testcase classname="tests.backend_test.TestMessaging" name="test_send_message_admin_to_parent" time="0.058" /><testcase classname="tests.backend_test.TestMessaging" name="test_parent_threads" time="0.072" /><testcase classname="tests.backend_test.TestMessaging" name="test_parent_thread_marks_read" time="0.072" /><testcase classname="tests.backend_test.TestMessaging" name="test_parent_notifications" time="0.080" /><testcase classname="tests.backend_test.TestMessaging" name="test_mark_one_read" time="0.062" /><testcase classname="tests.backend_test.TestMessaging" name="test_mark_all_read" time="0.059" /><testcase classname="tests.backend_test.TestDashboards" name="test_admin_dashboard_kpis" time="0.071" /><testcase classname="tests.backend_test.TestDashboards" name="test_coach_dashboard" time="0.055" /><testcase classname="tests.backend_test.TestDashboards" name="test_parent_dashboard" time="0.066" /><testcase classname="tests.backend_test.TestReports" name="test_admin_csv[revenue.csv]" time="0.058" /><testcase classname="tests.backend_test.TestReports" name="test_admin_csv[profit.csv]" time="0.057" /><testcase classname="tests.backend_test.TestReports" name="test_admin_csv[pending-payments.csv]" time="0.064" /><testcase classname="tests.backend_test.TestReports" name="test_admin_csv[attendance.csv]" time="0.059" /><testcase classname="tests.backend_test.TestReports" name="test_admin_csv[coach-payouts.csv]" time="0.051" /><testcase classname="tests.backend_test.TestReports" name="test_parent_cannot_access_reports" time="0.066" /><testcase classname="tests.backend_test.TestAuditLogs" name="test_admin_audit_logs" time="0.059" /><testcase classname="tests.backend_test.TestAuditLogs" name="test_non_admin_blocked" time="0.070" /><testcase classname="tests.backend_test.TestCleanup" name="test_soft_delete_session" time="0.140" /></testsuite></testsuites>